[debug] [2024-05-17T19:01:49.570Z] ----------------------------------------------------------------------
[debug] [2024-05-17T19:01:49.579Z] Command:       /opt/homebrew/Cellar/node@20/20.10.0/bin/node /opt/homebrew/bin/firebase deploy
[debug] [2024-05-17T19:01:49.580Z] CLI Version:   13.8.3
[debug] [2024-05-17T19:01:49.580Z] Platform:      darwin
[debug] [2024-05-17T19:01:49.580Z] Node Version:  v20.10.0
[debug] [2024-05-17T19:01:49.581Z] Time:          Sat May 18 2024 00:31:49 GMT+0530 (India Standard Time)
[debug] [2024-05-17T19:01:49.581Z] ----------------------------------------------------------------------
[debug] 
[debug] [2024-05-17T19:01:49.593Z] >>> [apiv2][query] GET https://firebase-public.firebaseio.com/cli.json [none]
[debug] [2024-05-17T19:01:49.691Z] > command requires scopes: ["email","openid","https://www.googleapis.com/auth/cloudplatformprojects.readonly","https://www.googleapis.com/auth/firebase","https://www.googleapis.com/auth/cloud-platform"]
[debug] [2024-05-17T19:01:49.692Z] > authorizing via signed-in user (abinwc@techcoracorp.com)
[debug] [2024-05-17T19:01:49.692Z] [iam] checking project techcora-site-1 for permissions ["firebase.projects.get","firebasehosting.sites.update"]
[debug] [2024-05-17T19:01:49.692Z] > refreshing access token with scopes: []
[debug] [2024-05-17T19:01:49.693Z] >>> [apiv2][query] POST https://www.googleapis.com/oauth2/v3/token [none]
[debug] [2024-05-17T19:01:49.693Z] >>> [apiv2][body] POST https://www.googleapis.com/oauth2/v3/token [omitted]
[debug] [2024-05-17T19:01:50.020Z] <<< [apiv2][status] POST https://www.googleapis.com/oauth2/v3/token 400
[debug] [2024-05-17T19:01:50.021Z] <<< [apiv2][body] POST https://www.googleapis.com/oauth2/v3/token [omitted]
[debug] [2024-05-17T19:01:50.022Z] [iam] error while checking permissions, command may fail: FirebaseError: Authentication Error: Your credentials are no longer valid. Please run firebase login --reauth

For CI servers and headless environments, generate a new token with firebase login:ci
[debug] [2024-05-17T19:01:50.022Z] > refreshing access token with scopes: []
[debug] [2024-05-17T19:01:50.023Z] >>> [apiv2][query] POST https://www.googleapis.com/oauth2/v3/token [none]
[debug] [2024-05-17T19:01:50.023Z] >>> [apiv2][body] POST https://www.googleapis.com/oauth2/v3/token [omitted]
[debug] [2024-05-17T19:01:50.108Z] <<< [apiv2][status] POST https://www.googleapis.com/oauth2/v3/token 400
[debug] [2024-05-17T19:01:50.108Z] <<< [apiv2][body] POST https://www.googleapis.com/oauth2/v3/token [omitted]
[debug] [2024-05-17T19:01:50.109Z] Authentication Error: Your credentials are no longer valid. Please run firebase login --reauth

For CI servers and headless environments, generate a new token with firebase login:ci
[error] 
[error] Error: Assertion failed: resolving hosting target of a site with no site name or target name. This should have caused an error earlier
[debug] [2024-05-17T19:01:50.218Z] <<< [apiv2][status] GET https://firebase-public.firebaseio.com/cli.json 200
[debug] [2024-05-17T19:01:50.218Z] <<< [apiv2][body] GET https://firebase-public.firebaseio.com/cli.json {"cloudBuildErrorAfter":1594252800000,"cloudBuildWarnAfter":1590019200000,"defaultNode10After":1594252800000,"minVersion":"3.0.5","node8DeploysDisabledAfter":1613390400000,"node8RuntimeDisabledAfter":1615809600000,"node8WarnAfter":1600128000000}
